<?xml version="1.0" encoding="UTF-8"?>
<Site BuildName="Linux-clang++"
	BuildStamp="20230630-0757-Experimental"
	Name="deb"
	Generator="ctest-3.25.1"
	CompilerName="/usr/bin/clang++"
	CompilerVersion="14.0.6"
	OSName="Linux"
	Hostname="deb"
	OSRelease="6.1.0-9-amd64"
	OSVersion="#1 SMP PREEMPT_DYNAMIC Debian 6.1.27-1 (2023-05-08)"
	OSPlatform="x86_64"
	Is64Bits="1"
	VendorString="GenuineIntel"
	VendorID="Intel Corporation"
	FamilyID="6"
	ModelID="158"
	ProcessorCacheSize="9216"
	NumberOfLogicalCPU="6"
	NumberOfPhysicalCPU="6"
	TotalVirtualMemory="976"
	TotalPhysicalMemory="7823"
	LogicalProcessorsPerPhysical="1"
	ProcessorClockFrequency="4185.98"
	>
	<Testing>
		<StartDateTime>Jun 30 16:03 HKT</StartDateTime>
		<StartTestTime>1688112217</StartTestTime>
		<TestList/>
		<EndDateTime>Jun 30 16:03 HKT</EndDateTime>
		<EndTestTime>1688112217</EndTestTime>
		<ElapsedMinutes>0</ElapsedMinutes>
	</Testing>
</Site>
